<?xml version="1.0" encoding="UTF-8"?>
<!-- Generated by org.testng.reporters.JUnitReportReporter -->
<testsuite skipped="0" hostname="user" name="exceltest.ExcelDataProvider" tests="3" failures="0" timestamp="2021-01-07T22:04:31 IST" time="0.015" errors="0">
  <testcase name="testcase" time="0.015" classname="exceltest.ExcelDataProvider"/>
  <system-out/>
  <testcase name="testcase" time="0.000" classname="exceltest.ExcelDataProvider"/>
  <system-out/>
  <testcase name="testcase" time="0.000" classname="exceltest.ExcelDataProvider"/>
  <system-out/>
</testsuite> <!-- exceltest.ExcelDataProvider -->
