<?xml version="1.0" encoding="UTF-8"?>
<!-- Generated by org.testng.reporters.JUnitReportReporter -->
<testsuite skipped="1" hostname="user" name="Practice3.TestNgIgnoreTest" tests="2" failures="0" timestamp="2021-05-19T21:29:30 IST" time="33.355" errors="0">
  <testcase name="Test2" time="33.355" classname="Practice3.TestNgIgnoreTest"/>
  <system-out/>
  <testcase name="Test1" classname="Practice3.TestNgIgnoreTest">
    <skipped/>
  </testcase> <!-- Test1 -->
  <system-out/>
</testsuite> <!-- Practice3.TestNgIgnoreTest -->
