<?xml version="1.0" encoding="UTF-8"?>
<!-- Generated by org.testng.reporters.JUnitReportReporter -->
<testsuite skipped="0" hostname="user" name="ExtenReport.ExtentReportsTestNG" tests="2" failures="0" timestamp="2021-01-12T19:03:46 IST" time="22.343" errors="0">
  <testcase name="test2" time="8.050" classname="ExtenReport.ExtentReportsTestNG"/>
  <system-out/>
  <testcase name="test1" time="14.293" classname="ExtenReport.ExtentReportsTestNG"/>
  <system-out/>
</testsuite> <!-- ExtenReport.ExtentReportsTestNG -->
