<?xml version="1.0" encoding="UTF-8"?>
<!-- Generated by org.testng.reporters.JUnitReportReporter -->
<testsuite skipped="0" hostname="user" name="TestNgPractice" tests="2" failures="0" timestamp="2020-05-22T17:09:56 IST" time="40.002" errors="0">
  <testcase name="TestCase" time="24.030" classname="TestNgPractice"/>
  <system-out/>
  <testcase name="Search" time="15.972" classname="TestNgPractice"/>
  <system-out/>
</testsuite> <!-- TestNgPractice -->
