<?xml version="1.0" encoding="UTF-8"?>
<!-- Generated by org.testng.reporters.JUnitReportReporter -->
<testsuite skipped="0" hostname="user" name="Test1" tests="1" failures="0" timestamp="2021-05-19T15:44:22 IST" time="32.837" errors="0">
  <testcase name="test1" time="32.837" classname="Test1"/>
  <system-out/>
</testsuite> <!-- Test1 -->
