<?xml version="1.0" encoding="UTF-8"?>
<!-- Generated by org.testng.reporters.JUnitReportReporter -->
<testsuite skipped="0" hostname="user" name="Config.TestDemo" tests="1" failures="0" timestamp="2021-06-13T15:04:07 IST" time="9.700" errors="0">
  <testcase name="demo" time="9.700" classname="Config.TestDemo"/>
  <system-out/>
</testsuite> <!-- Config.TestDemo -->
