<?xml version="1.0" encoding="UTF-8"?>
<!-- Generated by org.testng.reporters.JUnitReportReporter -->
<testsuite skipped="0" hostname="user" name="TestNgPractice" tests="2" failures="0" timestamp="2020-05-22T22:08:32 IST" time="36.931" errors="0">
  <testcase name="TestCase" time="17.297" classname="TestNgPractice"/>
  <system-out/>
  <testcase name="Search" time="19.634" classname="TestNgPractice"/>
  <system-out/>
</testsuite> <!-- TestNgPractice -->
